{"/Volumes/Data/@countess/react-music-composer/src/components/ui/color-mode.tsx": {"path":"/Volumes/Data/@countess/react-music-composer/src/components/ui/color-mode.tsx","statementMap":{"0":{"start":{"line":48,"column":13},"end":{"line":48,"column":28}},"1":{"start":{"line":41,"column":16},"end":{"line":41,"column":29}},"2":{"start":{"line":12,"column":16},"end":{"line":12,"column":33}},"3":{"start":{"line":90,"column":13},"end":{"line":90,"column":21}},"4":{"start":{"line":74,"column":13},"end":{"line":74,"column":22}},"5":{"start":{"line":24,"column":16},"end":{"line":24,"column":28}},"6":{"start":{"line":36,"column":16},"end":{"line":36,"column":33}},"7":{"start":{"line":4,"column":55},"end":{"line":4,"column":null}},"8":{"start":{"line":5,"column":40},"end":{"line":5,"column":null}},"9":{"start":{"line":7,"column":23},"end":{"line":7,"column":null}},"10":{"start":{"line":8,"column":30},"end":{"line":8,"column":null}},"11":{"start":{"line":25,"column":38},"end":{"line":25,"column":null}},"12":{"start":{"line":26,"column":26},"end":{"line":28,"column":null}},"13":{"start":{"line":27,"column":4},"end":{"line":27,"column":null}},"14":{"start":{"line":29,"column":2},"end":{"line":33,"column":null}},"15":{"start":{"line":37,"column":24},"end":{"line":37,"column":null}},"16":{"start":{"line":38,"column":2},"end":{"line":38,"column":null}},"17":{"start":{"line":42,"column":24},"end":{"line":42,"column":null}},"18":{"start":{"line":43,"column":2},"end":{"line":43,"column":null}},"19":{"start":{"line":48,"column":31},"end":{"line":71,"column":null}},"20":{"start":{"line":50,"column":32},"end":{"line":50,"column":null}},"21":{"start":{"line":74,"column":25},"end":{"line":87,"column":null}},"22":{"start":{"line":90,"column":24},"end":{"line":102,"column":null}}},"fnMap":{"0":{"name":"ColorModeProvider","decl":{"start":{"line":12,"column":16},"end":{"line":12,"column":33}},"loc":{"start":{"line":12,"column":63},"end":{"line":14,"column":null}}},"1":{"name":"useColorMode","decl":{"start":{"line":24,"column":16},"end":{"line":24,"column":28}},"loc":{"start":{"line":24,"column":16},"end":{"line":34,"column":null}}},"2":{"name":"(anonymous_13)","decl":{"start":{"line":26,"column":26},"end":{"line":26,"column":null}},"loc":{"start":{"line":26,"column":26},"end":{"line":28,"column":null}}},"3":{"name":"useColorModeValue","decl":{"start":{"line":36,"column":16},"end":{"line":36,"column":33}},"loc":{"start":{"line":36,"column":54},"end":{"line":39,"column":null}}},"4":{"name":"ColorModeIcon","decl":{"start":{"line":41,"column":16},"end":{"line":41,"column":29}},"loc":{"start":{"line":41,"column":16},"end":{"line":44,"column":null}}},"5":{"name":"ColorModeButton","decl":{"start":{"line":49,"column":11},"end":{"line":49,"column":27}},"loc":{"start":{"line":49,"column":37},"end":{"line":71,"column":null}}},"6":{"name":"LightMode","decl":{"start":{"line":75,"column":11},"end":{"line":75,"column":21}},"loc":{"start":{"line":75,"column":31},"end":{"line":87,"column":null}}},"7":{"name":"DarkMode","decl":{"start":{"line":90,"column":78},"end":{"line":90,"column":87}},"loc":{"start":{"line":90,"column":97},"end":{"line":102,"column":null}}}},"branchMap":{"0":{"loc":{"start":{"line":27,"column":13},"end":{"line":27,"column":null}},"type":"cond-expr","locations":[{"start":{"line":27,"column":40},"end":{"line":27,"column":50}},{"start":{"line":27,"column":50},"end":{"line":27,"column":null}}]},"1":{"loc":{"start":{"line":38,"column":9},"end":{"line":38,"column":null}},"type":"cond-expr","locations":[{"start":{"line":38,"column":32},"end":{"line":38,"column":39}},{"start":{"line":38,"column":39},"end":{"line":38,"column":null}}]},"2":{"loc":{"start":{"line":43,"column":9},"end":{"line":43,"column":null}},"type":"cond-expr","locations":[{"start":{"line":43,"column":32},"end":{"line":43,"column":45}},{"start":{"line":43,"column":45},"end":{"line":43,"column":null}}]}},"s":{"0":0,"1":0,"2":5,"3":0,"4":0,"5":0,"6":0,"7":2,"8":2,"9":2,"10":2,"11":0,"12":0,"13":0,"14":0,"15":0,"16":0,"17":0,"18":0,"19":2,"20":0,"21":2,"22":2},"f":{"0":5,"1":0,"2":0,"3":0,"4":0,"5":0,"6":0,"7":0},"b":{"0":[0,0],"1":[0,0],"2":[0,0]}}
,"/Volumes/Data/@countess/react-music-composer/src/components/ui/provider.tsx": {"path":"/Volumes/Data/@countess/react-music-composer/src/components/ui/provider.tsx","statementMap":{"0":{"start":{"line":6,"column":16},"end":{"line":6,"column":24}},"1":{"start":{"line":14,"column":0},"end":{"line":14,"column":15}},"2":{"start":{"line":3,"column":46},"end":{"line":3,"column":null}},"3":{"start":{"line":4,"column":63},"end":{"line":4,"column":null}},"4":{"start":{"line":14,"column":15},"end":{"line":14,"column":24}}},"fnMap":{"0":{"name":"Provider","decl":{"start":{"line":6,"column":16},"end":{"line":6,"column":24}},"loc":{"start":{"line":6,"column":54},"end":{"line":12,"column":null}}}},"branchMap":{},"s":{"0":0,"1":10,"2":2,"3":2,"4":2},"f":{"0":5},"b":{}}
,"/Volumes/Data/@countess/react-music-composer/src/features/score/useScores.ts": {"path":"/Volumes/Data/@countess/react-music-composer/src/features/score/useScores.ts","statementMap":{"0":{"start":{"line":5,"column":13},"end":{"line":5,"column":25}},"1":{"start":{"line":2,"column":25},"end":{"line":2,"column":null}},"2":{"start":{"line":3,"column":28},"end":{"line":3,"column":null}},"3":{"start":{"line":5,"column":25},"end":{"line":11,"column":null}},"4":{"start":{"line":6,"column":20},"end":{"line":6,"column":null}},"5":{"start":{"line":8,"column":2},"end":{"line":10,"column":null}}},"fnMap":{"0":{"name":"(anonymous_1)","decl":{"start":{"line":5,"column":25},"end":{"line":5,"column":null}},"loc":{"start":{"line":5,"column":25},"end":{"line":11,"column":null}}}},"branchMap":{},"s":{"0":5,"1":1,"2":1,"3":1,"4":5,"5":5},"f":{"0":5},"b":{}}
,"/Volumes/Data/@countess/react-music-composer/src/features/score/api/fetchScores.tsx": {"path":"/Volumes/Data/@countess/react-music-composer/src/features/score/api/fetchScores.tsx","statementMap":{"0":{"start":{"line":3,"column":13},"end":{"line":3,"column":27}},"1":{"start":{"line":1,"column":18},"end":{"line":1,"column":null}},"2":{"start":{"line":3,"column":27},"end":{"line":6,"column":null}},"3":{"start":{"line":4,"column":19},"end":{"line":4,"column":null}},"4":{"start":{"line":5,"column":2},"end":{"line":5,"column":null}}},"fnMap":{"0":{"name":"(anonymous_2)","decl":{"start":{"line":3,"column":27},"end":{"line":3,"column":null}},"loc":{"start":{"line":3,"column":27},"end":{"line":6,"column":null}}}},"branchMap":{},"s":{"0":5,"1":1,"2":1,"3":4,"4":1},"f":{"0":4},"b":{}}
,"/Volumes/Data/@countess/react-music-composer/src/features/score/pages/create.tsx": {"path":"/Volumes/Data/@countess/react-music-composer/src/features/score/pages/create.tsx","statementMap":{"0":{"start":{"line":9,"column":0},"end":{"line":9,"column":15}},"1":{"start":{"line":1,"column":18},"end":{"line":1,"column":null}},"2":{"start":{"line":9,"column":15},"end":{"line":9,"column":null}}},"fnMap":{"0":{"name":"ScoreCreate","decl":{"start":{"line":5,"column":9},"end":{"line":5,"column":21}},"loc":{"start":{"line":5,"column":30},"end":{"line":7,"column":null}}}},"branchMap":{},"s":{"0":1,"1":1,"2":1},"f":{"0":1},"b":{}}
,"/Volumes/Data/@countess/react-music-composer/src/features/score/pages/index.tsx": {"path":"/Volumes/Data/@countess/react-music-composer/src/features/score/pages/index.tsx","statementMap":{"0":{"start":{"line":45,"column":0},"end":{"line":45,"column":15}},"1":{"start":{"line":2,"column":67},"end":{"line":2,"column":null}},"2":{"start":{"line":3,"column":18},"end":{"line":3,"column":null}},"3":{"start":{"line":4,"column":26},"end":{"line":4,"column":null}},"4":{"start":{"line":9,"column":24},"end":{"line":9,"column":null}},"5":{"start":{"line":30,"column":14},"end":{"line":30,"column":null}},"6":{"start":{"line":45,"column":15},"end":{"line":45,"column":null}}},"fnMap":{"0":{"name":"ScoreIndex","decl":{"start":{"line":8,"column":9},"end":{"line":8,"column":20}},"loc":{"start":{"line":8,"column":29},"end":{"line":43,"column":null}}},"1":{"name":"(anonymous_3)","decl":{"start":{"line":29,"column":32},"end":{"line":29,"column":33}},"loc":{"start":{"line":30,"column":14},"end":{"line":30,"column":null}}}},"branchMap":{"0":{"loc":{"start":{"line":20,"column":8},"end":{"line":39,"column":9}},"type":"cond-expr","locations":[{"start":{"line":20,"column":8},"end":{"line":39,"column":9}}]}},"s":{"0":4,"1":1,"2":1,"3":1,"4":5,"5":2,"6":1},"f":{"0":5,"1":2},"b":{"0":[1]}}
,"/Volumes/Data/@countess/react-music-composer/src/lib/axiosInstance.ts": {"path":"/Volumes/Data/@countess/react-music-composer/src/lib/axiosInstance.ts","statementMap":{"0":{"start":{"line":2,"column":0},"end":{"line":2,"column":15}},"1":{"start":{"line":1,"column":18},"end":{"line":1,"column":null}},"2":{"start":{"line":2,"column":15},"end":{"line":2,"column":20}}},"fnMap":{},"branchMap":{},"s":{"0":4,"1":1,"2":1},"f":{},"b":{}}
,"/Volumes/Data/@countess/react-music-composer/src/test/utils.tsx": {"path":"/Volumes/Data/@countess/react-music-composer/src/test/utils.tsx","statementMap":{"0":{"start":{"line":19,"column":13},"end":{"line":19,"column":28}},"1":{"start":{"line":3,"column":20},"end":{"line":3,"column":null}},"2":{"start":{"line":4,"column":49},"end":{"line":4,"column":null}},"3":{"start":{"line":5,"column":20},"end":{"line":11,"column":null}},"4":{"start":{"line":13,"column":31},"end":{"line":13,"column":69}},"5":{"start":{"line":19,"column":28},"end":{"line":25,"column":null}}},"fnMap":{"0":{"name":"(anonymous_5)","decl":{"start":{"line":13,"column":25},"end":{"line":13,"column":31}},"loc":{"start":{"line":13,"column":31},"end":{"line":13,"column":69}}},"1":{"name":"(anonymous_6)","decl":{"start":{"line":13,"column":31},"end":{"line":13,"column":38}},"loc":{"start":{"line":13,"column":31},"end":{"line":13,"column":69}}},"2":{"name":"(anonymous_8)","decl":{"start":{"line":19,"column":28},"end":{"line":19,"column":29}},"loc":{"start":{"line":19,"column":60},"end":{"line":25,"column":null}}}},"branchMap":{},"s":{"0":5,"1":2,"2":2,"3":2,"4":4,"5":2},"f":{"0":2,"1":2,"2":5},"b":{}}
}
