TN:
SF:src/components/ui/color-mode.tsx
FN:12,ColorModeProvider
FN:24,useColorMode
FN:26,(anonymous_13)
FN:36,useColorModeValue
FN:41,ColorModeIcon
FN:49,ColorModeButton
FN:75,LightMode
FN:90,DarkMode
FNF:8
FNH:1
FNDA:5,ColorModeProvider
FNDA:0,useColorMode
FNDA:0,(anonymous_13)
FNDA:0,useColorModeValue
FNDA:0,ColorModeIcon
FNDA:0,ColorModeButton
FNDA:0,LightMode
FNDA:0,DarkMode
DA:4,2
DA:5,2
DA:7,2
DA:8,2
DA:12,5
DA:24,0
DA:25,0
DA:26,0
DA:27,0
DA:29,0
DA:36,0
DA:37,0
DA:38,0
DA:41,0
DA:42,0
DA:43,0
DA:48,2
DA:50,0
DA:74,2
DA:90,2
LF:20
LH:8
BRDA:27,0,0,0
BRDA:27,0,1,0
BRDA:38,1,0,0
BRDA:38,1,1,0
BRDA:43,2,0,0
BRDA:43,2,1,0
BRF:6
BRH:0
end_of_record
TN:
SF:src/components/ui/provider.tsx
FN:6,Provider
FNF:1
FNH:1
FNDA:5,Provider
DA:3,2
DA:4,2
DA:6,0
DA:14,10
LF:4
LH:3
BRF:0
BRH:0
end_of_record
TN:
SF:src/features/score/useScores.ts
FN:5,(anonymous_1)
FNF:1
FNH:1
FNDA:5,(anonymous_1)
DA:2,1
DA:3,1
DA:5,5
DA:6,5
DA:8,5
LF:5
LH:5
BRF:0
BRH:0
end_of_record
TN:
SF:src/features/score/api/fetchScores.tsx
FN:3,(anonymous_2)
FNF:1
FNH:1
FNDA:4,(anonymous_2)
DA:1,1
DA:3,5
DA:4,4
DA:5,1
LF:4
LH:4
BRF:0
BRH:0
end_of_record
TN:
SF:src/features/score/pages/create.tsx
FN:5,ScoreCreate
FNF:1
FNH:1
FNDA:1,ScoreCreate
DA:1,1
DA:9,1
LF:2
LH:2
BRF:0
BRH:0
end_of_record
TN:
SF:src/features/score/pages/index.tsx
FN:8,ScoreIndex
FN:29,(anonymous_3)
FNF:2
FNH:2
FNDA:5,ScoreIndex
FNDA:2,(anonymous_3)
DA:2,1
DA:3,1
DA:4,1
DA:9,5
DA:30,2
DA:45,4
LF:6
LH:6
BRDA:20,0,0,1
BRF:1
BRH:1
end_of_record
TN:
SF:src/lib/axiosInstance.ts
FNF:0
FNH:0
DA:1,1
DA:2,4
LF:2
LH:2
BRF:0
BRH:0
end_of_record
TN:
SF:src/test/utils.tsx
FN:13,(anonymous_5)
FN:13,(anonymous_6)
FN:19,(anonymous_8)
FNF:3
FNH:3
FNDA:2,(anonymous_5)
FNDA:2,(anonymous_6)
FNDA:5,(anonymous_8)
DA:3,2
DA:4,2
DA:5,2
DA:13,4
DA:19,5
LF:5
LH:5
BRF:0
BRH:0
end_of_record
